"QUERY PLAN"
"GroupAggregate  (cost=10000135586.06..10000145751.99 rows=309151 width=16) (actual time=466.543..671.138 rows=650310 loops=1)"
"  Group Key: (date_bin('00:01:00'::interval, date, '2008-01-01 00:00:00'::timestamp without time zone))"
"  ->  Sort  (cost=10000135586.06..10000137686.58 rows=840205 width=8) (actual time=466.533..527.201 rows=1129325 loops=1)"
"        Sort Key: (date_bin('00:01:00'::interval, date, '2008-01-01 00:00:00'::timestamp without time zone))"
"        Sort Method: external merge  Disk: 13288kB"
"        ->  Seq Scan on badges  (cost=10000000000.00..10000041417.79 rows=840205 width=8) (actual time=0.057..339.897 rows=1129325 loops=1)"
"              Filter: ((NOT tagbased) AND (userid <> '-1'::integer) AND (class = ANY ('{1,2,3}'::integer[])) AND ((name)::text <> ALL ('{Analytical,Census,""Documentation Beta"",""Documentation Pioneer"",""Documentation User"",Reversal,Tumbleweed}'::text[])))"
"              Rows Removed by Filter: 41446"
"Planning Time: 0.206 ms"
"Execution Time: 688.049 ms"
