"QUERY PLAN"
"Sort  (cost=132584.21..133357.09 rows=309151 width=16) (actual time=1097.273..1148.972 rows=650310 loops=1)"
"  Sort Key: (date_bin('00:01:00'::interval, date, '2008-01-01 00:00:00'::timestamp without time zone))"
"  Sort Method: external merge  Disk: 16576kB"
"  ->  HashAggregate  (cost=88679.32..99107.81 rows=309151 width=16) (actual time=559.356..950.583 rows=650310 loops=1)"
"        Group Key: date_bin('00:01:00'::interval, date, '2008-01-01 00:00:00'::timestamp without time zone)"
"        Planned Partitions: 4  Batches: 21  Memory Usage: 8249kB  Disk Usage: 28584kB"
"        ->  Seq Scan on badges  (cost=0.00..41417.79 rows=840205 width=8) (actual time=0.037..342.914 rows=1129325 loops=1)"
"              Filter: ((NOT tagbased) AND (userid <> '-1'::integer) AND (class = ANY ('{1,2,3}'::integer[])) AND ((name)::text <> ALL ('{Analytical,Census,""Documentation Beta"",""Documentation Pioneer"",""Documentation User"",Reversal,Tumbleweed}'::text[])))"
"              Rows Removed by Filter: 41446"
"Planning Time: 0.125 ms"
"Execution Time: 1170.155 ms"
