"QUERY PLAN"
"Finalize GroupAggregate  (cost=10000017515.18..10000017608.99 rows=200 width=16) (actual time=166.770..420.229 rows=650310 loops=1)"
"  Group Key: (date_bin('00:01:00'::interval, date, '2008-01-01 00:00:00'::timestamp without time zone))"
"  ->  Gather Merge  (cost=10000017515.18..10000017604.49 rows=400 width=16) (actual time=166.764..308.742 rows=651083 loops=1)"
"        Workers Planned: 2"
"        Workers Launched: 2"
"        ->  Partial GroupAggregate  (cost=10000016515.16..10000016558.29 rows=200 width=16) (actual time=144.195..216.886 rows=217028 loops=3)"
"              Group Key: (date_bin('00:01:00'::interval, date, '2008-01-01 00:00:00'::timestamp without time zone))"
"              ->  Sort  (cost=10000016515.16..10000016528.70 rows=5418 width=8) (actual time=144.186..164.816 rows=376442 loops=3)"
"                    Sort Key: (date_bin('00:01:00'::interval, date, '2008-01-01 00:00:00'::timestamp without time zone))"
"                    Sort Method: external merge  Disk: 4664kB"
"                    Worker 0:  Sort Method: external merge  Disk: 4232kB"
"                    Worker 1:  Sort Method: external merge  Disk: 4400kB"
"                    ->  Parallel Seq Scan on badges_mv_1  (cost=10000000000.00..10000016179.15 rows=5418 width=8) (actual time=0.198..118.426 rows=376442 loops=3)"
"                          Filter: ((class = ANY ('{1,2,3}'::integer[])) AND ((name)::text <> ALL ('{Analytical,Census,""Documentation Beta"",""Documentation Pioneer"",""Documentation User"",Reversal,Tumbleweed}'::text[])))"
"                          Rows Removed by Filter: 3473"
"Planning Time: 0.483 ms"
"Execution Time: 437.518 ms"
