"QUERY PLAN"
"GroupAggregate  (cost=10000129358.43..10000136511.01 rows=200 width=16) (actual time=259.669..460.348 rows=650310 loops=1)"
"  Group Key: (date_bin('00:01:00'::interval, date, '2008-01-01 00:00:00'::timestamp without time zone))"
"  ->  Sort  (cost=10000129358.43..10000131741.79 rows=953344 width=8) (actual time=259.657..318.825 rows=1129325 loops=1)"
"        Sort Key: (date_bin('00:01:00'::interval, date, '2008-01-01 00:00:00'::timestamp without time zone))"
"        Sort Method: external merge  Disk: 13288kB"
"        ->  Seq Scan on badges_mv_2  (cost=10000000000.00..10000021644.80 rows=953344 width=8) (actual time=0.056..183.397 rows=1129325 loops=1)"
"Planning Time: 0.758 ms"
"Execution Time: 477.366 ms"
