"QUERY PLAN"
"Sort  (cost=1225.53..1226.03 rows=200 width=49) (actual time=23.648..23.662 rows=371 loops=1)"
"  Sort Key: (round(avg((count(*))), 3)) DESC, (count(*)) DESC, t.tagname"
"  Sort Method: quicksort  Memory: 43kB"
"  ->  HashAggregate  (cost=1214.89..1217.89 rows=200 width=49) (actual time=23.383..23.496 rows=371 loops=1)"
"        Group Key: t.tagname"
"        Batches: 1  Memory Usage: 301kB"
"        ->  HashAggregate  (cost=1141.85..1168.41 rows=2656 width=25) (actual time=16.991..20.025 rows=18489 loops=1)"
"              Group Key: t.tagname, qt.questionid"
"              Batches: 1  Memory Usage: 2321kB"
"              ->  Hash Right Join  (cost=622.37..1121.93 rows=2656 width=17) (actual time=6.013..11.031 rows=30486 loops=1)"
"                    Hash Cond: (a.parentid = qt.questionid)"
"                    ->  Index Only Scan using idx_answers_parentid on answers a  (cost=0.29..418.07 rows=14723 width=8) (actual time=0.015..0.855 rows=14723 loops=1)"
"                          Heap Fetches: 0"
"                    ->  Hash  (cost=599.60..599.60 rows=1799 width=17) (actual time=5.983..5.985 rows=18489 loops=1)"
"                          Buckets: 32768 (originally 2048)  Batches: 1 (originally 1)  Memory Usage: 1170kB"
"                          ->  Hash Join  (cost=12.35..599.60 rows=1799 width=17) (actual time=0.131..4.349 rows=18489 loops=1)"
"                                Hash Cond: (qt.tagid = t.id)"
"                                ->  Seq Scan on questionstags qt  (cost=0.00..457.92 rows=29692 width=16) (actual time=0.023..1.192 rows=29692 loops=1)"
"                                ->  Hash  (cost=7.71..7.71 rows=371 width=13) (actual time=0.099..0.100 rows=371 loops=1)"
"                                      Buckets: 1024  Batches: 1  Memory Usage: 25kB"
"                                      ->  Seq Scan on q3_subquery_mv1 t  (cost=0.00..7.71 rows=371 width=13) (actual time=0.017..0.043 rows=371 loops=1)"
"Planning Time: 0.301 ms"
"Execution Time: 24.105 ms"
