"QUERY PLAN"
"Sort  (cost=933.75..938.85 rows=2041 width=48) (actual time=10.225..10.237 rows=371 loops=1)"
"  Sort Key: (round(avg(total), 3)) DESC, (count(*)) DESC, tagname"
"  Sort Method: quicksort  Memory: 43kB"
"  ->  HashAggregate  (cost=724.61..821.54 rows=2041 width=48) (actual time=8.510..10.063 rows=371 loops=1)"
"        Group Key: tagname"
"        Filter: (count(*) > 10)"
"        Batches: 1  Memory Usage: 2513kB"
"        Rows Removed by Filter: 5751"
"        ->  Seq Scan on q3_subquery_mv3  (cost=0.00..501.92 rows=29692 width=16) (actual time=0.011..1.254 rows=29692 loops=1)"
"Planning Time: 0.075 ms"
"Execution Time: 10.497 ms"
